<?xml version="1.0" encoding="UTF-8"?>
<testng-results skipped="0" failed="0" total="1" passed="1">
  <reporter-output>
  </reporter-output>
  <suite name="Default suite" duration-ms="75057" started-at="2016-11-27T21:34:20Z" finished-at="2016-11-27T21:35:35Z">
    <groups>
    </groups>
    <test name="Default test" duration-ms="75057" started-at="2016-11-27T21:34:20Z" finished-at="2016-11-27T21:35:35Z">
      <class name="learningPhase.appium.SimpleAndroidCalcTest">
        <test-method status="PASS" signature="setUp()[pri:0, instance:learningPhase.appium.SimpleAndroidCalcTest@818063]" name="setUp" is-config="true" duration-ms="8848" started-at="2016-11-28T03:04:20Z" finished-at="2016-11-28T03:04:28Z">
          <reporter-output>
          </reporter-output>
        </test-method> <!-- setUp -->
        <test-method status="PASS" signature="Sum()[pri:0, instance:learningPhase.appium.SimpleAndroidCalcTest@818063]" name="Sum" duration-ms="65327" started-at="2016-11-28T03:04:28Z" finished-at="2016-11-28T03:05:34Z">
          <reporter-output>
          </reporter-output>
        </test-method> <!-- Sum -->
        <test-method status="PASS" signature="End()[pri:0, instance:learningPhase.appium.SimpleAndroidCalcTest@818063]" name="End" is-config="true" duration-ms="818" started-at="2016-11-28T03:05:34Z" finished-at="2016-11-28T03:05:35Z">
          <reporter-output>
          </reporter-output>
        </test-method> <!-- End -->
      </class> <!-- learningPhase.appium.SimpleAndroidCalcTest -->
    </test> <!-- Default test -->
  </suite> <!-- Default suite -->
</testng-results>
