<?xml version="1.0" encoding="UTF-8"?>
<testng-results skipped="0" failed="0" total="1" passed="1">
  <reporter-output>
  </reporter-output>
  <suite name="Default suite" duration-ms="55185" started-at="2016-11-28T21:51:25Z" finished-at="2016-11-28T21:52:20Z">
    <groups>
    </groups>
    <test name="Default test" duration-ms="55185" started-at="2016-11-28T21:51:25Z" finished-at="2016-11-28T21:52:20Z">
      <class name="learningPhase.appium.WatsApp">
        <test-method status="PASS" signature="setUp()[pri:0, instance:learningPhase.appium.WatsApp@144655e]" name="setUp" is-config="true" duration-ms="11019" started-at="2016-11-29T03:21:25Z" finished-at="2016-11-29T03:21:36Z">
          <reporter-output>
          </reporter-output>
        </test-method> <!-- setUp -->
        <test-method status="PASS" signature="Sum()[pri:0, instance:learningPhase.appium.WatsApp@144655e]" name="Sum" duration-ms="43202" started-at="2016-11-29T03:21:36Z" finished-at="2016-11-29T03:22:19Z">
          <reporter-output>
          </reporter-output>
        </test-method> <!-- Sum -->
        <test-method status="PASS" signature="End()[pri:0, instance:learningPhase.appium.WatsApp@144655e]" name="End" is-config="true" duration-ms="908" started-at="2016-11-29T03:22:19Z" finished-at="2016-11-29T03:22:20Z">
          <reporter-output>
          </reporter-output>
        </test-method> <!-- End -->
      </class> <!-- learningPhase.appium.WatsApp -->
    </test> <!-- Default test -->
  </suite> <!-- Default suite -->
</testng-results>
